//-------------------------- 8/30/2013 -- 10:00:43 -----
Console trace is off.
--------------------------------------------------------------------------------
Video Initialization:
--------------------------------------------------------------------------------
Video initialization:
   Accelerated OpenGL display device detected.

Activating the OpenGL display device...
Activating the OpenGL display device...
Setting screen mode to 800x600x32 (w)...
Creating a new window...
Acquiring a new device context...
Pixel format set:
  32 color bits, 24 depth bits, 8 stencil bits
Creating a new rendering context...
Making the new rendering context current...
OpenGL driver information:
  Vendor: ATI Technologies Inc.
  Renderer: ATI Radeon HD 2400 XT
  Version: 3.3.11554 Compatibility Profile Context
OpenGL Init: Enabled Extensions
  ARB_multitexture (Max Texture Units: 8)
  EXT_blend_color
  EXT_blend_minmax
  EXT_compiled_vertex_array
  EXT_texture_env_combine
  EXT_packed_pixels
  EXT_fog_coord
  ARB_texture_compression
  EXT_texture_compression_s3tc
  (ARB|EXT)_texture_env_add
  EXT_texture_filter_anisotropic (Max anisotropy: 16)
  WGL_EXT_swap_control
OpenGL Init: Disabled Extensions
  EXT_paletted_texture
  NV_vertex_array_range
  3DFX_texture_compression_FXT1

Max Texture Size reported as: 8192
OpenAL Driver Init
OpenAL Driver Init Success
Asset Manager: Encountered asset Id 'Assets:HeadFemaleAsianCheerEast' in asset file 'C:/Users/herdad1/Dropbox/SRG/AlphaRestructured/modules/Assets/Emotion/HeadFemaleAsianCheerEast.asset.taml' but it conflicts with existing asset Id in asset file 'C:/Users/herdad1/Dropbox/SRG/AlphaRestructured/modules/Assets/animations/characters/HeadFemaleAsianCheerEast.asset.taml'.
Asset Manager: Encountered asset Id 'Assets:HeadFemaleAsianCheerNorth' in asset file 'C:/Users/herdad1/Dropbox/SRG/AlphaRestructured/modules/Assets/Emotion/HeadFemaleAsianCheerNorth.asset.taml' but it conflicts with existing asset Id in asset file 'C:/Users/herdad1/Dropbox/SRG/AlphaRestructured/modules/Assets/animations/characters/HeadFemaleAsianCheerNorth.asset.taml'.
Asset Manager: Encountered asset Id 'Assets:HeadFemaleAsianCheerSouth' in asset file 'C:/Users/herdad1/Dropbox/SRG/AlphaRestructured/modules/Assets/Emotion/HeadFemaleAsianCheerSouth.asset.taml' but it conflicts with existing asset Id in asset file 'C:/Users/herdad1/Dropbox/SRG/AlphaRestructured/modules/Assets/animations/characters/HeadFemaleAsianCheerSouth.asset.taml'.
Asset Manager: Encountered asset Id 'Assets:HeadFemaleAsianCheerWest' in asset file 'C:/Users/herdad1/Dropbox/SRG/AlphaRestructured/modules/Assets/Emotion/HeadFemaleAsianCheerWest.asset.taml' but it conflicts with existing asset Id in asset file 'C:/Users/herdad1/Dropbox/SRG/AlphaRestructured/modules/Assets/animations/characters/HeadFemaleAsianCheerWest.asset.taml'.
Asset Manager: Encountered asset Id 'Assets:HeadMalePakehaCheerEast' in asset file 'C:/Users/herdad1/Dropbox/SRG/AlphaRestructured/modules/Assets/Emotion/HeadMalePakehaCheerEast.asset.taml' but it conflicts with existing asset Id in asset file 'C:/Users/herdad1/Dropbox/SRG/AlphaRestructured/modules/Assets/animations/characters/HeadMalePakehaCheerEast.asset.taml'.
Asset Manager: Encountered asset Id 'Assets:HeadMalePakehaCheerNorth' in asset file 'C:/Users/herdad1/Dropbox/SRG/AlphaRestructured/modules/Assets/Emotion/HeadMalePakehaCheerNorth.asset.taml' but it conflicts with existing asset Id in asset file 'C:/Users/herdad1/Dropbox/SRG/AlphaRestructured/modules/Assets/animations/characters/HeadMalePakehaCheerNorth.asset.taml'.
Asset Manager: Encountered asset Id 'Assets:HeadMalePakehaCheerSouth' in asset file 'C:/Users/herdad1/Dropbox/SRG/AlphaRestructured/modules/Assets/Emotion/HeadMalePakehaCheerSouth.asset.taml' but it conflicts with existing asset Id in asset file 'C:/Users/herdad1/Dropbox/SRG/AlphaRestructured/modules/Assets/animations/characters/HeadMalePakehaCheerSouth.asset.taml'.
Asset Manager: Encountered asset Id 'Assets:HeadMalePakehaCheerWest' in asset file 'C:/Users/herdad1/Dropbox/SRG/AlphaRestructured/modules/Assets/Emotion/HeadMalePakehaCheerWest.asset.taml' but it conflicts with existing asset Id in asset file 'C:/Users/herdad1/Dropbox/SRG/AlphaRestructured/modules/Assets/animations/characters/HeadMalePakehaCheerWest.asset.taml'.
Character Setup
Dialogue Setup Response 0
End of Dialogue Setup Response 0
Gender: female
Ethnicity: pakeha
State: 
Torso: plaid
Legs: dress
HeadfemalepakehaSouth
End of Character Setup
modules/Main/1/activity/scene.cs (35): Unable to find object: 'testart' attempting to call function 'getName'
Data/Test.Lesson1..taml
Scene object added to scene but the object is not registered with the simulation.  No 'onAddToScene' can be performed!  Use Target scene.
Scene object added to scene but the object is not registered with the simulation.  No 'onAddToScene' can be performed!  Use Target scene.
Scene object added to scene but the object is not registered with the simulation.  No 'onAddToScene' can be performed!  Use Target scene.
Scene object added to scene but the object is not registered with the simulation.  No 'onAddToScene' can be performed!  Use Target scene.
Scene object added to scene but the object is not registered with the simulation.  No 'onAddToScene' can be performed!  Use Target scene.
Scene object added to scene but the object is not registered with the simulation.  No 'onAddToScene' can be performed!  Use Target scene.
Scene object added to scene but the object is not registered with the simulation.  No 'onAddToScene' can be performed!  Use Target scene.
Scene object added to scene but the object is not registered with the simulation.  No 'onAddToScene' can be performed!  Use Target scene.
Scene object added to scene but the object is not registered with the simulation.  No 'onAddToScene' can be performed!  Use Target scene.
Scene object added to scene but the object is not registered with the simulation.  No 'onAddToScene' can be performed!  Use Target scene.
Scene object added to scene but the object is not registered with the simulation.  No 'onAddToScene' can be performed!  Use Target scene.
Scene object added to scene but the object is not registered with the simulation.  No 'onAddToScene' can be performed!  Use Target scene.
Getting character from profile
Setup in player setup
Character Setup
Dialogue Setup Response 0
End of Dialogue Setup Response 0
Gender: female
Ethnicity: pakeha
State: 
Torso: plaid
Legs: dress
HeadfemalepakehaSouth
End of Character Setup
Setting General Behaviour
General Behaviour Set
Character Setup
Dialogue Setup Response 0
End of Dialogue Setup Response 0
Gender: Male
Ethnicity: Maori
State: 
Torso: 
Legs: Dress
HeadMaleMaoriSouth
Asset Manager: Failed to acquire asset Id 'Assets:TorsoSouth' as it does not exist.
End of Character Setup
Character Setup
Dialogue Setup Response 0
End of Dialogue Setup Response 0
Gender: Male
Ethnicity: Maori
State: 
Torso: 
Legs: Dress
HeadMaleMaoriSouth
Asset Manager: Failed to acquire asset Id 'Assets:TorsoSouth' as it does not exist.
End of Character Setup
Character Setup
Dialogue Setup Response 0
End of Dialogue Setup Response 0
Gender: Female
Ethnicity: Pakeha
State: 
Torso: 
Legs: Dress
HeadFemalePakehaSouth
Asset Manager: Failed to acquire asset Id 'Assets:TorsoSouth' as it does not exist.
End of Character Setup
Character Setup
Dialogue Setup Response 0
End of Dialogue Setup Response 0
Gender: Female
Ethnicity: Pakeha
State: 
Torso: 
Legs: Dress
HeadFemalePakehaSouth
Asset Manager: Failed to acquire asset Id 'Assets:TorsoSouth' as it does not exist.
End of Character Setup
Character Setup
Dialogue Setup Response 0
End of Dialogue Setup Response 0
Gender: Female
Ethnicity: PI
State: 
Torso: 
Legs: Dress
HeadFemalePISouth
Asset Manager: Failed to acquire asset Id 'Assets:TorsoSouth' as it does not exist.
End of Character Setup
Character Setup
Dialogue Setup Response 0
End of Dialogue Setup Response 0
Gender: Female
Ethnicity: PI
State: 
Torso: 
Legs: Dress
HeadFemalePISouth
Asset Manager: Failed to acquire asset Id 'Assets:TorsoSouth' as it does not exist.
End of Character Setup
Character Setup
Dialogue Setup Response 0
End of Dialogue Setup Response 0
Gender: Male
Ethnicity: Asian
State: 
Torso: Plaid
Legs: Dress
HeadMaleAsianSouth
End of Character Setup
Character Setup
Dialogue Setup Response 0
End of Dialogue Setup Response 0
Gender: Male
Ethnicity: Asian
State: 
Torso: Plaid
Legs: Dress
HeadMaleAsianSouth
End of Character Setup
Dialogue Setup Response 0
End of Dialogue Setup Response 0
Dialogue Setup Response 0
End of Dialogue Setup Response 0
Dialogue Setup Response 0
End of Dialogue Setup Response 0
Dialogue Setup Response 0
End of Dialogue Setup Response 0
Setup Dialogue
Dialogue Setup Response 0
End of Dialogue Setup Response 0
Dialogue Setup Response 0
End of Dialogue Setup Response 0
Dialogue Setup Response 0
End of Dialogue Setup Response 0
Dialogue Setup Response 0
End of Dialogue Setup Response 0
Dialogue Setup Response 0
End of Dialogue Setup Response 0
Setup Triggers
Gender: female
Ethnicity: pakeha
State: 
Torso: plaid
Legs: dress
HeadfemalepakehaSouth
Gender: female
Ethnicity: pakeha
State: 
Torso: plaid
Legs: dress
HeadfemalepakehaSouth
Gender: female
Ethnicity: pakeha
State: 
Torso: plaid
Legs: dress
HeadfemalepakehaWest
Gender: female
Ethnicity: pakeha
State: 
Torso: plaid
Legs: dress
HeadfemalepakehaWest
Gender: female
Ethnicity: pakeha
State: 
Torso: plaid
Legs: dress
HeadfemalepakehaSouth
Gender: female
Ethnicity: pakeha
State: 
Torso: plaid
Legs: dress
HeadfemalepakehaSouth
Gender: female
Ethnicity: pakeha
State: 
Torso: plaid
Legs: dress
HeadfemalepakehaWest
Gender: female
Ethnicity: pakeha
State: 
Torso: plaid
Legs: dress
HeadfemalepakehaWest
Gender: female
Ethnicity: pakeha
State: 
Torso: plaid
Legs: dress
HeadfemalepakehaWest
Gender: female
Ethnicity: pakeha
State: 
Torso: plaid
Legs: dress
HeadfemalepakehaWest
Gender: female
Ethnicity: pakeha
State: 
Torso: plaid
Legs: dress
HeadfemalepakehaSouth
Gender: female
Ethnicity: pakeha
State: 
Torso: plaid
Legs: dress
HeadfemalepakehaSouth
Gender: female
Ethnicity: pakeha
State: 
Torso: plaid
Legs: dress
HeadfemalepakehaWest
Gender: female
Ethnicity: pakeha
State: 
Torso: plaid
Legs: dress
HeadfemalepakehaWest
Val is greater than 0
Opening Dialogue
Displaying Dialogue
After: 122
Next Dialogue
Displaying Dialogue
After: 46
Next Dialogue
Displaying Dialogue
After: 46
Closing Dialogue
Setting General Behaviour
General Behaviour Set
Gender: female
Ethnicity: pakeha
State: 
Torso: plaid
Legs: dress
HeadfemalepakehaSouth
Gender: female
Ethnicity: pakeha
State: 
Torso: plaid
Legs: dress
HeadfemalepakehaWest
Gender: female
Ethnicity: pakeha
State: 
Torso: plaid
Legs: dress
HeadfemalepakehaWest
Gender: female
Ethnicity: pakeha
State: 
Torso: plaid
Legs: dress
HeadfemalepakehaWest
Gender: female
Ethnicity: pakeha
State: 
Torso: plaid
Legs: dress
HeadfemalepakehaSouth
Gender: female
Ethnicity: pakeha
State: 
Torso: plaid
Legs: dress
HeadfemalepakehaWest
Gender: female
Ethnicity: pakeha
State: 
Torso: plaid
Legs: dress
HeadfemalepakehaSouth
Gender: female
Ethnicity: pakeha
State: 
Torso: plaid
Legs: dress
HeadfemalepakehaEast
Gender: female
Ethnicity: pakeha
State: 
Torso: plaid
Legs: dress
HeadfemalepakehaSouth
Gender: female
Ethnicity: pakeha
State: 
Torso: plaid
Legs: dress
HeadfemalepakehaSouth
Gender: female
Ethnicity: pakeha
State: 
Torso: plaid
Legs: dress
HeadfemalepakehaEast
Gender: female
Ethnicity: pakeha
State: 
Torso: plaid
Legs: dress
HeadfemalepakehaEast
Val is greater than 0
Item made contact with user
New Item 1642
Item 0 : GreenGem
Inventory Count 1
Con::execute - 0 has no namespace: onRemoveFromScene
Con::execute - 0 has no namespace: onRemoveFromScene
Con::execute - 0 has no namespace: onRemoveFromScene
Con::execute - 0 has no namespace: onRemoveFromScene
Con::execute - 0 has no namespace: onRemoveFromScene
Con::execute - 0 has no namespace: onRemoveFromScene
Con::execute - 0 has no namespace: onRemoveFromScene
Con::execute - 0 has no namespace: onRemoveFromScene
Con::execute - 0 has no namespace: onRemoveFromScene
Con::execute - 0 has no namespace: onRemoveFromScene
Con::execute - 0 has no namespace: onRemoveFromScene
Con::execute - 0 has no namespace: onRemoveFromScene
